<?xml version="1.0" encoding="UTF-8"?>
<testsuite xmlns:xsi="http://www.w3.org/2001/XMLSchema-instance" xsi:noNamespaceSchemaLocation="https://maven.apache.org/surefire/maven-surefire-plugin/xsd/surefire-test-report.xsd" name="com.esaysc.demo.DemoApplicationTests" time="4.487" tests="1" errors="0" skipped="0" failures="0">
  <properties>
    <property name="sun.desktop" value="windows"/>
    <property name="awt.toolkit" value="sun.awt.windows.WToolkit"/>
    <property name="file.encoding.pkg" value="sun.io"/>
    <property name="java.specification.version" value="1.8"/>
    <property name="sun.cpu.isalist" value="amd64"/>
    <property name="sun.jnu.encoding" value="GBK"/>
    <property name="java.class.path" value="D:\java\esaysc\SpringBootDemo\demo\target\test-classes;D:\java\esaysc\SpringBootDemo\demo\target\classes;G:\maven\repository\org\springframework\boot\spring-boot-starter-web\2.7.6\spring-boot-starter-web-2.7.6.jar;G:\maven\repository\org\springframework\boot\spring-boot-starter\2.7.6\spring-boot-starter-2.7.6.jar;G:\maven\repository\org\springframework\boot\spring-boot-starter-logging\2.7.6\spring-boot-starter-logging-2.7.6.jar;G:\maven\repository\ch\qos\logback\logback-classic\1.2.11\logback-classic-1.2.11.jar;G:\maven\repository\ch\qos\logback\logback-core\1.2.11\logback-core-1.2.11.jar;G:\maven\repository\org\apache\logging\log4j\log4j-to-slf4j\2.17.2\log4j-to-slf4j-2.17.2.jar;G:\maven\repository\org\apache\logging\log4j\log4j-api\2.17.2\log4j-api-2.17.2.jar;G:\maven\repository\org\slf4j\jul-to-slf4j\1.7.36\jul-to-slf4j-1.7.36.jar;G:\maven\repository\jakarta\annotation\jakarta.annotation-api\1.3.5\jakarta.annotation-api-1.3.5.jar;G:\maven\repository\org\yaml\snakeyaml\1.30\snakeyaml-1.30.jar;G:\maven\repository\org\springframework\boot\spring-boot-starter-json\2.7.6\spring-boot-starter-json-2.7.6.jar;G:\maven\repository\com\fasterxml\jackson\datatype\jackson-datatype-jdk8\2.13.4\jackson-datatype-jdk8-2.13.4.jar;G:\maven\repository\com\fasterxml\jackson\datatype\jackson-datatype-jsr310\2.13.4\jackson-datatype-jsr310-2.13.4.jar;G:\maven\repository\com\fasterxml\jackson\module\jackson-module-parameter-names\2.13.4\jackson-module-parameter-names-2.13.4.jar;G:\maven\repository\org\springframework\boot\spring-boot-starter-tomcat\2.7.6\spring-boot-starter-tomcat-2.7.6.jar;G:\maven\repository\org\apache\tomcat\embed\tomcat-embed-core\9.0.69\tomcat-embed-core-9.0.69.jar;G:\maven\repository\org\apache\tomcat\embed\tomcat-embed-el\9.0.69\tomcat-embed-el-9.0.69.jar;G:\maven\repository\org\apache\tomcat\embed\tomcat-embed-websocket\9.0.69\tomcat-embed-websocket-9.0.69.jar;G:\maven\repository\org\springframework\spring-web\5.3.24\spring-web-5.3.24.jar;G:\maven\repository\org\springframework\spring-beans\5.3.24\spring-beans-5.3.24.jar;G:\maven\repository\org\springframework\spring-webmvc\5.3.24\spring-webmvc-5.3.24.jar;G:\maven\repository\org\springframework\spring-aop\5.3.24\spring-aop-5.3.24.jar;G:\maven\repository\org\springframework\spring-context\5.3.24\spring-context-5.3.24.jar;G:\maven\repository\org\springframework\spring-expression\5.3.24\spring-expression-5.3.24.jar;G:\maven\repository\org\springframework\boot\spring-boot-devtools\2.7.6\spring-boot-devtools-2.7.6.jar;G:\maven\repository\org\springframework\boot\spring-boot\2.7.6\spring-boot-2.7.6.jar;G:\maven\repository\org\springframework\boot\spring-boot-autoconfigure\2.7.6\spring-boot-autoconfigure-2.7.6.jar;G:\maven\repository\org\springframework\boot\spring-boot-starter-test\2.7.6\spring-boot-starter-test-2.7.6.jar;G:\maven\repository\org\springframework\boot\spring-boot-test\2.7.6\spring-boot-test-2.7.6.jar;G:\maven\repository\org\springframework\boot\spring-boot-test-autoconfigure\2.7.6\spring-boot-test-autoconfigure-2.7.6.jar;G:\maven\repository\com\jayway\jsonpath\json-path\2.7.0\json-path-2.7.0.jar;G:\maven\repository\net\minidev\json-smart\2.4.8\json-smart-2.4.8.jar;G:\maven\repository\net\minidev\accessors-smart\2.4.8\accessors-smart-2.4.8.jar;G:\maven\repository\org\ow2\asm\asm\9.1\asm-9.1.jar;G:\maven\repository\jakarta\xml\bind\jakarta.xml.bind-api\2.3.3\jakarta.xml.bind-api-2.3.3.jar;G:\maven\repository\jakarta\activation\jakarta.activation-api\1.2.2\jakarta.activation-api-1.2.2.jar;G:\maven\repository\org\assertj\assertj-core\3.22.0\assertj-core-3.22.0.jar;G:\maven\repository\org\hamcrest\hamcrest\2.2\hamcrest-2.2.jar;G:\maven\repository\org\junit\jupiter\junit-jupiter\5.8.2\junit-jupiter-5.8.2.jar;G:\maven\repository\org\junit\jupiter\junit-jupiter-api\5.8.2\junit-jupiter-api-5.8.2.jar;G:\maven\repository\org\opentest4j\opentest4j\1.2.0\opentest4j-1.2.0.jar;G:\maven\repository\org\junit\platform\junit-platform-commons\1.8.2\junit-platform-commons-1.8.2.jar;G:\maven\repository\org\apiguardian\apiguardian-api\1.1.2\apiguardian-api-1.1.2.jar;G:\maven\repository\org\junit\jupiter\junit-jupiter-params\5.8.2\junit-jupiter-params-5.8.2.jar;G:\maven\repository\org\junit\jupiter\junit-jupiter-engine\5.8.2\junit-jupiter-engine-5.8.2.jar;G:\maven\repository\org\junit\platform\junit-platform-engine\1.8.2\junit-platform-engine-1.8.2.jar;G:\maven\repository\org\mockito\mockito-core\4.5.1\mockito-core-4.5.1.jar;G:\maven\repository\net\bytebuddy\byte-buddy\1.12.19\byte-buddy-1.12.19.jar;G:\maven\repository\net\bytebuddy\byte-buddy-agent\1.12.19\byte-buddy-agent-1.12.19.jar;G:\maven\repository\org\objenesis\objenesis\3.2\objenesis-3.2.jar;G:\maven\repository\org\mockito\mockito-junit-jupiter\4.5.1\mockito-junit-jupiter-4.5.1.jar;G:\maven\repository\org\skyscreamer\jsonassert\1.5.1\jsonassert-1.5.1.jar;G:\maven\repository\com\vaadin\external\google\android-json\0.0.20131108.vaadin1\android-json-0.0.20131108.vaadin1.jar;G:\maven\repository\org\springframework\spring-core\5.3.24\spring-core-5.3.24.jar;G:\maven\repository\org\springframework\spring-jcl\5.3.24\spring-jcl-5.3.24.jar;G:\maven\repository\org\springframework\spring-test\5.3.24\spring-test-5.3.24.jar;G:\maven\repository\org\xmlunit\xmlunit-core\2.9.0\xmlunit-core-2.9.0.jar;G:\maven\repository\com\baomidou\mybatis-plus-boot-starter\3.5.1\mybatis-plus-boot-starter-3.5.1.jar;G:\maven\repository\com\baomidou\mybatis-plus\3.5.1\mybatis-plus-3.5.1.jar;G:\maven\repository\com\baomidou\mybatis-plus-extension\3.5.1\mybatis-plus-extension-3.5.1.jar;G:\maven\repository\com\baomidou\mybatis-plus-core\3.5.1\mybatis-plus-core-3.5.1.jar;G:\maven\repository\com\baomidou\mybatis-plus-annotation\3.5.1\mybatis-plus-annotation-3.5.1.jar;G:\maven\repository\com\github\jsqlparser\jsqlparser\4.3\jsqlparser-4.3.jar;G:\maven\repository\org\mybatis\mybatis\3.5.9\mybatis-3.5.9.jar;G:\maven\repository\org\mybatis\mybatis-spring\2.0.6\mybatis-spring-2.0.6.jar;G:\maven\repository\org\springframework\boot\spring-boot-starter-jdbc\2.7.6\spring-boot-starter-jdbc-2.7.6.jar;G:\maven\repository\com\zaxxer\HikariCP\4.0.3\HikariCP-4.0.3.jar;G:\maven\repository\org\springframework\spring-jdbc\5.3.24\spring-jdbc-5.3.24.jar;G:\maven\repository\org\springframework\spring-tx\5.3.24\spring-tx-5.3.24.jar;G:\maven\repository\mysql\mysql-connector-java\5.1.47\mysql-connector-java-5.1.47.jar;G:\maven\repository\com\alibaba\druid-spring-boot-starter\1.1.20\druid-spring-boot-starter-1.1.20.jar;G:\maven\repository\com\alibaba\druid\1.1.20\druid-1.1.20.jar;G:\maven\repository\org\slf4j\slf4j-api\1.7.36\slf4j-api-1.7.36.jar;G:\maven\repository\io\jsonwebtoken\jjwt\0.9.1\jjwt-0.9.1.jar;G:\maven\repository\com\fasterxml\jackson\core\jackson-databind\2.13.4.2\jackson-databind-2.13.4.2.jar;G:\maven\repository\com\fasterxml\jackson\core\jackson-annotations\2.13.4\jackson-annotations-2.13.4.jar;G:\maven\repository\com\fasterxml\jackson\core\jackson-core\2.13.4\jackson-core-2.13.4.jar;G:\maven\repository\org\projectlombok\lombok\1.18.4\lombok-1.18.4.jar;"/>
    <property name="java.vm.vendor" value="Oracle Corporation"/>
    <property name="sun.arch.data.model" value="64"/>
    <property name="user.variant" value=""/>
    <property name="java.vendor.url" value="http://java.oracle.com/"/>
    <property name="user.timezone" value="Asia/Shanghai"/>
    <property name="java.vm.specification.version" value="1.8"/>
    <property name="os.name" value="Windows 11"/>
    <property name="user.country" value="CN"/>
    <property name="sun.java.launcher" value="SUN_STANDARD"/>
    <property name="sun.boot.library.path" value="D:\Program Files\Java\jdk1.8.0_333\jre\bin"/>
    <property name="sun.java.command" value="C:\Users\ccs\AppData\Local\Temp\surefire2761740042524215999\surefirebooter6752189566321230141.jar C:\Users\ccs\AppData\Local\Temp\surefire2761740042524215999 2022-12-12T23-19-33_384-jvmRun1 surefire4390198779171615666tmp surefire_04479218182296428528tmp"/>
    <property name="surefire.test.class.path" value="D:\java\esaysc\SpringBootDemo\demo\target\test-classes;D:\java\esaysc\SpringBootDemo\demo\target\classes;G:\maven\repository\org\springframework\boot\spring-boot-starter-web\2.7.6\spring-boot-starter-web-2.7.6.jar;G:\maven\repository\org\springframework\boot\spring-boot-starter\2.7.6\spring-boot-starter-2.7.6.jar;G:\maven\repository\org\springframework\boot\spring-boot-starter-logging\2.7.6\spring-boot-starter-logging-2.7.6.jar;G:\maven\repository\ch\qos\logback\logback-classic\1.2.11\logback-classic-1.2.11.jar;G:\maven\repository\ch\qos\logback\logback-core\1.2.11\logback-core-1.2.11.jar;G:\maven\repository\org\apache\logging\log4j\log4j-to-slf4j\2.17.2\log4j-to-slf4j-2.17.2.jar;G:\maven\repository\org\apache\logging\log4j\log4j-api\2.17.2\log4j-api-2.17.2.jar;G:\maven\repository\org\slf4j\jul-to-slf4j\1.7.36\jul-to-slf4j-1.7.36.jar;G:\maven\repository\jakarta\annotation\jakarta.annotation-api\1.3.5\jakarta.annotation-api-1.3.5.jar;G:\maven\repository\org\yaml\snakeyaml\1.30\snakeyaml-1.30.jar;G:\maven\repository\org\springframework\boot\spring-boot-starter-json\2.7.6\spring-boot-starter-json-2.7.6.jar;G:\maven\repository\com\fasterxml\jackson\datatype\jackson-datatype-jdk8\2.13.4\jackson-datatype-jdk8-2.13.4.jar;G:\maven\repository\com\fasterxml\jackson\datatype\jackson-datatype-jsr310\2.13.4\jackson-datatype-jsr310-2.13.4.jar;G:\maven\repository\com\fasterxml\jackson\module\jackson-module-parameter-names\2.13.4\jackson-module-parameter-names-2.13.4.jar;G:\maven\repository\org\springframework\boot\spring-boot-starter-tomcat\2.7.6\spring-boot-starter-tomcat-2.7.6.jar;G:\maven\repository\org\apache\tomcat\embed\tomcat-embed-core\9.0.69\tomcat-embed-core-9.0.69.jar;G:\maven\repository\org\apache\tomcat\embed\tomcat-embed-el\9.0.69\tomcat-embed-el-9.0.69.jar;G:\maven\repository\org\apache\tomcat\embed\tomcat-embed-websocket\9.0.69\tomcat-embed-websocket-9.0.69.jar;G:\maven\repository\org\springframework\spring-web\5.3.24\spring-web-5.3.24.jar;G:\maven\repository\org\springframework\spring-beans\5.3.24\spring-beans-5.3.24.jar;G:\maven\repository\org\springframework\spring-webmvc\5.3.24\spring-webmvc-5.3.24.jar;G:\maven\repository\org\springframework\spring-aop\5.3.24\spring-aop-5.3.24.jar;G:\maven\repository\org\springframework\spring-context\5.3.24\spring-context-5.3.24.jar;G:\maven\repository\org\springframework\spring-expression\5.3.24\spring-expression-5.3.24.jar;G:\maven\repository\org\springframework\boot\spring-boot-devtools\2.7.6\spring-boot-devtools-2.7.6.jar;G:\maven\repository\org\springframework\boot\spring-boot\2.7.6\spring-boot-2.7.6.jar;G:\maven\repository\org\springframework\boot\spring-boot-autoconfigure\2.7.6\spring-boot-autoconfigure-2.7.6.jar;G:\maven\repository\org\springframework\boot\spring-boot-starter-test\2.7.6\spring-boot-starter-test-2.7.6.jar;G:\maven\repository\org\springframework\boot\spring-boot-test\2.7.6\spring-boot-test-2.7.6.jar;G:\maven\repository\org\springframework\boot\spring-boot-test-autoconfigure\2.7.6\spring-boot-test-autoconfigure-2.7.6.jar;G:\maven\repository\com\jayway\jsonpath\json-path\2.7.0\json-path-2.7.0.jar;G:\maven\repository\net\minidev\json-smart\2.4.8\json-smart-2.4.8.jar;G:\maven\repository\net\minidev\accessors-smart\2.4.8\accessors-smart-2.4.8.jar;G:\maven\repository\org\ow2\asm\asm\9.1\asm-9.1.jar;G:\maven\repository\jakarta\xml\bind\jakarta.xml.bind-api\2.3.3\jakarta.xml.bind-api-2.3.3.jar;G:\maven\repository\jakarta\activation\jakarta.activation-api\1.2.2\jakarta.activation-api-1.2.2.jar;G:\maven\repository\org\assertj\assertj-core\3.22.0\assertj-core-3.22.0.jar;G:\maven\repository\org\hamcrest\hamcrest\2.2\hamcrest-2.2.jar;G:\maven\repository\org\junit\jupiter\junit-jupiter\5.8.2\junit-jupiter-5.8.2.jar;G:\maven\repository\org\junit\jupiter\junit-jupiter-api\5.8.2\junit-jupiter-api-5.8.2.jar;G:\maven\repository\org\opentest4j\opentest4j\1.2.0\opentest4j-1.2.0.jar;G:\maven\repository\org\junit\platform\junit-platform-commons\1.8.2\junit-platform-commons-1.8.2.jar;G:\maven\repository\org\apiguardian\apiguardian-api\1.1.2\apiguardian-api-1.1.2.jar;G:\maven\repository\org\junit\jupiter\junit-jupiter-params\5.8.2\junit-jupiter-params-5.8.2.jar;G:\maven\repository\org\junit\jupiter\junit-jupiter-engine\5.8.2\junit-jupiter-engine-5.8.2.jar;G:\maven\repository\org\junit\platform\junit-platform-engine\1.8.2\junit-platform-engine-1.8.2.jar;G:\maven\repository\org\mockito\mockito-core\4.5.1\mockito-core-4.5.1.jar;G:\maven\repository\net\bytebuddy\byte-buddy\1.12.19\byte-buddy-1.12.19.jar;G:\maven\repository\net\bytebuddy\byte-buddy-agent\1.12.19\byte-buddy-agent-1.12.19.jar;G:\maven\repository\org\objenesis\objenesis\3.2\objenesis-3.2.jar;G:\maven\repository\org\mockito\mockito-junit-jupiter\4.5.1\mockito-junit-jupiter-4.5.1.jar;G:\maven\repository\org\skyscreamer\jsonassert\1.5.1\jsonassert-1.5.1.jar;G:\maven\repository\com\vaadin\external\google\android-json\0.0.20131108.vaadin1\android-json-0.0.20131108.vaadin1.jar;G:\maven\repository\org\springframework\spring-core\5.3.24\spring-core-5.3.24.jar;G:\maven\repository\org\springframework\spring-jcl\5.3.24\spring-jcl-5.3.24.jar;G:\maven\repository\org\springframework\spring-test\5.3.24\spring-test-5.3.24.jar;G:\maven\repository\org\xmlunit\xmlunit-core\2.9.0\xmlunit-core-2.9.0.jar;G:\maven\repository\com\baomidou\mybatis-plus-boot-starter\3.5.1\mybatis-plus-boot-starter-3.5.1.jar;G:\maven\repository\com\baomidou\mybatis-plus\3.5.1\mybatis-plus-3.5.1.jar;G:\maven\repository\com\baomidou\mybatis-plus-extension\3.5.1\mybatis-plus-extension-3.5.1.jar;G:\maven\repository\com\baomidou\mybatis-plus-core\3.5.1\mybatis-plus-core-3.5.1.jar;G:\maven\repository\com\baomidou\mybatis-plus-annotation\3.5.1\mybatis-plus-annotation-3.5.1.jar;G:\maven\repository\com\github\jsqlparser\jsqlparser\4.3\jsqlparser-4.3.jar;G:\maven\repository\org\mybatis\mybatis\3.5.9\mybatis-3.5.9.jar;G:\maven\repository\org\mybatis\mybatis-spring\2.0.6\mybatis-spring-2.0.6.jar;G:\maven\repository\org\springframework\boot\spring-boot-starter-jdbc\2.7.6\spring-boot-starter-jdbc-2.7.6.jar;G:\maven\repository\com\zaxxer\HikariCP\4.0.3\HikariCP-4.0.3.jar;G:\maven\repository\org\springframework\spring-jdbc\5.3.24\spring-jdbc-5.3.24.jar;G:\maven\repository\org\springframework\spring-tx\5.3.24\spring-tx-5.3.24.jar;G:\maven\repository\mysql\mysql-connector-java\5.1.47\mysql-connector-java-5.1.47.jar;G:\maven\repository\com\alibaba\druid-spring-boot-starter\1.1.20\druid-spring-boot-starter-1.1.20.jar;G:\maven\repository\com\alibaba\druid\1.1.20\druid-1.1.20.jar;G:\maven\repository\org\slf4j\slf4j-api\1.7.36\slf4j-api-1.7.36.jar;G:\maven\repository\io\jsonwebtoken\jjwt\0.9.1\jjwt-0.9.1.jar;G:\maven\repository\com\fasterxml\jackson\core\jackson-databind\2.13.4.2\jackson-databind-2.13.4.2.jar;G:\maven\repository\com\fasterxml\jackson\core\jackson-annotations\2.13.4\jackson-annotations-2.13.4.jar;G:\maven\repository\com\fasterxml\jackson\core\jackson-core\2.13.4\jackson-core-2.13.4.jar;G:\maven\repository\org\projectlombok\lombok\1.18.4\lombok-1.18.4.jar;"/>
    <property name="sun.cpu.endian" value="little"/>
    <property name="user.home" value="C:\Users\ccs"/>
    <property name="user.language" value="zh"/>
    <property name="java.specification.vendor" value="Oracle Corporation"/>
    <property name="java.home" value="D:\Program Files\Java\jdk1.8.0_333\jre"/>
    <property name="basedir" value="D:\java\esaysc\SpringBootDemo\demo"/>
    <property name="file.separator" value="\"/>
    <property name="line.separator" value="&#10;"/>
    <property name="java.vm.specification.vendor" value="Oracle Corporation"/>
    <property name="java.specification.name" value="Java Platform API Specification"/>
    <property name="java.awt.graphicsenv" value="sun.awt.Win32GraphicsEnvironment"/>
    <property name="surefire.real.class.path" value="C:\Users\ccs\AppData\Local\Temp\surefire2761740042524215999\surefirebooter6752189566321230141.jar"/>
    <property name="sun.boot.class.path" value="D:\Program Files\Java\jdk1.8.0_333\jre\lib\resources.jar;D:\Program Files\Java\jdk1.8.0_333\jre\lib\rt.jar;D:\Program Files\Java\jdk1.8.0_333\jre\lib\sunrsasign.jar;D:\Program Files\Java\jdk1.8.0_333\jre\lib\jsse.jar;D:\Program Files\Java\jdk1.8.0_333\jre\lib\jce.jar;D:\Program Files\Java\jdk1.8.0_333\jre\lib\charsets.jar;D:\Program Files\Java\jdk1.8.0_333\jre\lib\jfr.jar;D:\Program Files\Java\jdk1.8.0_333\jre\classes"/>
    <property name="user.script" value=""/>
    <property name="sun.management.compiler" value="HotSpot 64-Bit Tiered Compilers"/>
    <property name="java.runtime.version" value="1.8.0_333-b02"/>
    <property name="user.name" value="ccs"/>
    <property name="path.separator" value=";"/>
    <property name="os.version" value="10.0"/>
    <property name="java.endorsed.dirs" value="D:\Program Files\Java\jdk1.8.0_333\jre\lib\endorsed"/>
    <property name="java.runtime.name" value="Java(TM) SE Runtime Environment"/>
    <property name="file.encoding" value="GBK"/>
    <property name="java.vm.name" value="Java HotSpot(TM) 64-Bit Server VM"/>
    <property name="localRepository" value="G:\maven\repository"/>
    <property name="java.vendor.url.bug" value="http://bugreport.sun.com/bugreport/"/>
    <property name="java.io.tmpdir" value="C:\Users\ccs\AppData\Local\Temp\"/>
    <property name="idea.version" value="2022.2"/>
    <property name="java.version" value="1.8.0_333"/>
    <property name="user.dir" value="D:\java\esaysc\SpringBootDemo\demo"/>
    <property name="os.arch" value="amd64"/>
    <property name="java.vm.specification.name" value="Java Virtual Machine Specification"/>
    <property name="java.awt.printerjob" value="sun.awt.windows.WPrinterJob"/>
    <property name="sun.os.patch.level" value=""/>
    <property name="java.library.path" value="D:\Program Files\Java\jdk1.8.0_333\jre\bin;C:\WINDOWS\Sun\Java\bin;C:\WINDOWS\system32;C:\WINDOWS;D:\Users\ccs\anaconda3\condabin;C:\Program Files (x86)\Common Files\Intel\Shared Libraries\redist\intel64_win\compiler;H:\vm\bin\;D:\Program Files\Java\jdk1.8.0_333\bin;D:\ccs\soft\apache-maven-3.6.3\bin;D:\Program Files\Java\jdk1.8.0_333\jre\bin;C:\Program Files (x86)\Common Files\Oracle\Java\javapath;C:\Program Files\Microsoft\jdk-11.0.12.7-hotspot\bin;C:\Program Files (x86)\Common Files\Intel\Shared Libraries\redist\intel64\compiler;C:\WINDOWS\system32;C:\WINDOWS;C:\WINDOWS\System32\Wbem;C:\WINDOWS\System32\WindowsPowerShell\v1.0\;C:\WINDOWS\System32\OpenSSH\;C:\Program Files\Microsoft SQL Server\110\Tools\Binn\;F:\Program Files\nodejs\;F:\Program Files\nodejs\node_global;F:\Program Files\Git\cmd;C:\Program Files\Microsoft SQL Server\150\Tools\Binn\;C:\Program Files\Microsoft SQL Server\120\Tools\Binn\;C:\Program Files\dotnet\;F:\Program Files (x86)\EasyShare\x86\;F:\Program Files (x86)\EasyShare\x64\;M:\Program Files\Polyspace\R2021a\runtime\win64;M:\Program Files\Polyspace\R2021a\bin;M:\Program Files\Polyspace\R2021a\polyspace\bin;D:\tools\android-sdk\platform-tools;D:\tools\android-sdk\tools;D:\Users\ccs\anaconda3\Scripts;D:\Users\ccs\anaconda3;D:\Users\ccs\anaconda3\Library\bin;;C:\Program Files\Docker\Docker\resources\bin;C:\ProgramData\DockerDesktop\version-bin;F:\Program Files (x86)\Yarn\bin\;D:\Python310\Scripts\;D:\Python310\;D:\Program Files\Java\jdk1.8.0_333\bin;C:\Users\ccs\AppData\Local\Microsoft\WindowsApps;F:\Program Files (x86)\Tencent\QQ\Bin;F:\Program Files\JetBrains\WebStorm 2021.2.1\bin;;F:\Program Files\nodejs\node_global;C:\Users\ccs\AppData\Roaming\npm;D:\mysql-8.0.26-winx64\bin;D:\mysql-connector-java-8.0.26\mysqlcon.jar;F:\Program Files\JetBrains\PyCharm Community Edition 2021.3\bin;;F:\intelFPGA\18.0\modelsim_ase\win32aloem;C:\Users\ccs\AppData\Local\GitHubDesktop\bin;F:\Program Files\Git\usr\bin;F:\Program Files\Git\bin;F:\Program Files\Microsoft VS Code\bin;C:\Users\ccs\.dotnet\tools;M:\Program Files\JetBrains\PyCharm 2022.2.1\bin;;D:\ccs\soft\apache-maven-3.6.3\bin;F:\Program Files\nodejs\node_global\node_modules;C:\Users\ccs\AppData\Local\Yarn\bin;."/>
    <property name="java.vm.info" value="mixed mode"/>
    <property name="java.vendor" value="Oracle Corporation"/>
    <property name="java.vm.version" value="25.333-b02"/>
    <property name="java.ext.dirs" value="D:\Program Files\Java\jdk1.8.0_333\jre\lib\ext;C:\WINDOWS\Sun\Java\lib\ext"/>
    <property name="sun.io.unicode.encoding" value="UnicodeLittle"/>
    <property name="java.class.version" value="52.0"/>
  </properties>
  <testcase name="contextLoads" classname="com.esaysc.demo.DemoApplicationTests" time="0.237"/>
</testsuite>